{"numTotalTestSuites":5,"numPassedTestSuites":5,"numFailedTestSuites":0,"numPendingTestSuites":0,"numTotalTests":33,"numPassedTests":33,"numFailedTests":0,"numPendingTests":0,"numTodoTests":0,"snapshot":{"added":0,"failure":false,"filesAdded":0,"filesRemoved":0,"filesRemovedList":[],"filesUnmatched":0,"filesUpdated":0,"matched":0,"total":0,"unchecked":0,"uncheckedKeysByFile":[],"unmatched":0,"updated":0,"didUpdate":false},"startTime":1777436658903,"success":true,"testResults":[{"assertionResults":[{"ancestorTitles":["U-WIRE31 — engine direct: ExceptionLearningEngine"],"fullName":"U-WIRE31 — engine direct: ExceptionLearningEngine handleUnexpected assigns EX-prefixed integer id + parseable ISO timestamp + analysis match","status":"passed","title":"handleUnexpected assigns EX-prefixed integer id + parseable ISO timestamp + analysis match","duration":2.779800000000023,"failureMessages":[],"meta":{},"tags":[]},{"ancestorTitles":["U-WIRE31 — engine direct: ExceptionLearningEngine"],"fullName":"U-WIRE31 — engine direct: ExceptionLearningEngine handleUnexpected for severity=info returns shouldFail=false with 'captured for learning' message","status":"passed","title":"handleUnexpected for severity=info returns shouldFail=false with 'captured for learning' message","duration":0.3634999999999309,"failureMessages":[],"meta":{},"tags":[]},{"ancestorTitles":["U-WIRE31 — engine direct: ExceptionLearningEngine"],"fullName":"U-WIRE31 — engine direct: ExceptionLearningEngine handleUnexpected for severity=warning returns shouldFail=false (only 'critical' can fail)","status":"passed","title":"handleUnexpected for severity=warning returns shouldFail=false (only 'critical' can fail)","duration":0.21440000000006876,"failureMessages":[],"meta":{},"tags":[]},{"ancestorTitles":["U-WIRE31 — engine direct: ExceptionLearningEngine"],"fullName":"U-WIRE31 — engine direct: ExceptionLearningEngine handleUnexpected for severity=critical: branch consistency between shouldFail and message format","status":"passed","title":"handleUnexpected for severity=critical: branch consistency between shouldFail and message format","duration":0.23410000000012587,"failureMessages":[],"meta":{},"tags":[]},{"ancestorTitles":["U-WIRE31 — engine direct: ExceptionLearningEngine"],"fullName":"U-WIRE31 — engine direct: ExceptionLearningEngine analyzeException for parameter_outlier emits envelope-related cause + 3 causes + 2 recs + 1 learnedPattern","status":"passed","title":"analyzeException for parameter_outlier emits envelope-related cause + 3 causes + 2 recs + 1 learnedPattern","duration":0.2717999999999847,"failureMessages":[],"meta":{},"tags":[]},{"ancestorTitles":["U-WIRE31 — engine direct: ExceptionLearningEngine"],"fullName":"U-WIRE31 — engine direct: ExceptionLearningEngine analyzeException for process_deviation includes operator-knowledge recommendation","status":"passed","title":"analyzeException for process_deviation includes operator-knowledge recommendation","duration":0.18209999999999127,"failureMessages":[],"meta":{},"tags":[]},{"ancestorTitles":["U-WIRE31 — engine direct: ExceptionLearningEngine"],"fullName":"U-WIRE31 — engine direct: ExceptionLearningEngine analyzeException for measurement_spike yields exactly 3 possibleCauses + 2 recommendations","status":"passed","title":"analyzeException for measurement_spike yields exactly 3 possibleCauses + 2 recommendations","duration":0.2680000000000291,"failureMessages":[],"meta":{},"tags":[]},{"ancestorTitles":["U-WIRE31 — engine direct: ExceptionLearningEngine"],"fullName":"U-WIRE31 — engine direct: ExceptionLearningEngine recordOutcome on unknown eventId returns null (no event found)","status":"passed","title":"recordOutcome on unknown eventId returns null (no event found)","duration":0.27109999999993306,"failureMessages":[],"meta":{},"tags":[]},{"ancestorTitles":["U-WIRE31 — engine direct: ExceptionLearningEngine"],"fullName":"U-WIRE31 — engine direct: ExceptionLearningEngine recordOutcome on success generates tribalTip with operator_wisdom category and confidence=0.7","status":"passed","title":"recordOutcome on success generates tribalTip with operator_wisdom category and confidence=0.7","duration":0.7042000000001281,"failureMessages":[],"meta":{},"tags":[]},{"ancestorTitles":["U-WIRE31 — engine direct: ExceptionLearningEngine"],"fullName":"U-WIRE31 — engine direct: ExceptionLearningEngine recordOutcome on parameter_outlier success with data.value generates envelope proposal at value × 1.10","status":"passed","title":"recordOutcome on parameter_outlier success with data.value generates envelope proposal at value × 1.10","duration":0.35429999999996653,"failureMessages":[],"meta":{},"tags":[]},{"ancestorTitles":["U-WIRE31 — engine direct: ExceptionLearningEngine"],"fullName":"U-WIRE31 — engine direct: ExceptionLearningEngine recordOutcome on failure does NOT generate tribalTip or envelopeProposal","status":"passed","title":"recordOutcome on failure does NOT generate tribalTip or envelopeProposal","duration":0.22010000000000218,"failureMessages":[],"meta":{},"tags":[]},{"ancestorTitles":["U-WIRE31 — engine direct: ExceptionLearningEngine"],"fullName":"U-WIRE31 — engine direct: ExceptionLearningEngine getPendingExceptions excludes events that have been recorded; includes those that have not","status":"passed","title":"getPendingExceptions excludes events that have been recorded; includes those that have not","duration":0.22240000000010696,"failureMessages":[],"meta":{},"tags":[]},{"ancestorTitles":["U-WIRE31 — engine direct: ExceptionLearningEngine"],"fullName":"U-WIRE31 — engine direct: ExceptionLearningEngine getStatistics returns non-negative counters with successRate ∈ [0,1] AND tipsGenerated ≤ learnedCount","status":"passed","title":"getStatistics returns non-negative counters with successRate ∈ [0,1] AND tipsGenerated ≤ learnedCount","duration":0.4941999999998643,"failureMessages":[],"meta":{},"tags":[]},{"ancestorTitles":["U-WIRE31 — engine direct: ExceptionLearningEngine"],"fullName":"U-WIRE31 — engine direct: ExceptionLearningEngine export() round-trips event count: counts match getPendingExceptions + recorded set size","status":"passed","title":"export() round-trips event count: counts match getPendingExceptions + recorded set size","duration":0.3328000000001339,"failureMessages":[],"meta":{},"tags":[]},{"ancestorTitles":["U-WIRE31 — schema integrity"],"fullName":"U-WIRE31 — schema integrity all 4 exception_* actions are in AI_REASONING_ACTIONS exactly once","status":"passed","title":"all 4 exception_* actions are in AI_REASONING_ACTIONS exactly once","duration":0.27109999999993306,"failureMessages":[],"meta":{},"tags":[]},{"ancestorTitles":["U-WIRE31 — schema integrity"],"fullName":"U-WIRE31 — schema integrity Zod schemas exist for all 4 actions","status":"passed","title":"Zod schemas exist for all 4 actions","duration":0.30739999999991596,"failureMessages":[],"meta":{},"tags":[]},{"ancestorTitles":["U-WIRE31 — schema integrity"],"fullName":"U-WIRE31 — schema integrity exception_handle accepts valid params and rejects when description is missing","status":"passed","title":"exception_handle accepts valid params and rejects when description is missing","duration":2.2474999999999454,"failureMessages":[],"meta":{},"tags":[]},{"ancestorTitles":["U-WIRE31 — schema integrity"],"fullName":"U-WIRE31 — schema integrity exception_handle rejects unknown type enum values","status":"passed","title":"exception_handle rejects unknown type enum values","duration":0.20959999999990941,"failureMessages":[],"meta":{},"tags":[]},{"ancestorTitles":["U-WIRE31 — schema integrity"],"fullName":"U-WIRE31 — schema integrity exception_handle rejects unknown severity enum values","status":"passed","title":"exception_handle rejects unknown severity enum values","duration":0.3475999999998294,"failureMessages":[],"meta":{},"tags":[]},{"ancestorTitles":["U-WIRE31 — schema integrity"],"fullName":"U-WIRE31 — schema integrity exception_handle rejects empty description (min length 1 enforced)","status":"passed","title":"exception_handle rejects empty description (min length 1 enforced)","duration":0.2559999999998581,"failureMessages":[],"meta":{},"tags":[]},{"ancestorTitles":["U-WIRE31 — schema integrity"],"fullName":"U-WIRE31 — schema integrity exception_record_outcome requires both eventId and outcome; rejects bad outcome enum and empty eventId","status":"passed","title":"exception_record_outcome requires both eventId and outcome; rejects bad outcome enum and empty eventId","duration":0.9051999999999225,"failureMessages":[],"meta":{},"tags":[]},{"ancestorTitles":["U-WIRE31 — schema integrity"],"fullName":"U-WIRE31 — schema integrity exception_pending and exception_stats accept empty params","status":"passed","title":"exception_pending and exception_stats accept empty params","duration":0.332700000000159,"failureMessages":[],"meta":{},"tags":[]},{"ancestorTitles":["U-WIRE31 — dispatcher round-trip: prism_ai"],"fullName":"U-WIRE31 — dispatcher round-trip: prism_ai exception_handle happy path → analysis + suggestedActions[≥1] + EX-prefixed integer id","status":"passed","title":"exception_handle happy path → analysis + suggestedActions[≥1] + EX-prefixed integer id","duration":3.0183999999999287,"failureMessages":[],"meta":{},"tags":[]},{"ancestorTitles":["U-WIRE31 — dispatcher round-trip: prism_ai"],"fullName":"U-WIRE31 — dispatcher round-trip: prism_ai exception_record_outcome happy path on a fresh event from previous handle → recorded:true with tribal tip","status":"passed","title":"exception_record_outcome happy path on a fresh event from previous handle → recorded:true with tribal tip","duration":0.7953999999999724,"failureMessages":[],"meta":{},"tags":[]},{"ancestorTitles":["U-WIRE31 — dispatcher round-trip: prism_ai"],"fullName":"U-WIRE31 — dispatcher round-trip: prism_ai exception_record_outcome on unknown eventId → recorded:false with diagnostic reason naming the missing id","status":"passed","title":"exception_record_outcome on unknown eventId → recorded:false with diagnostic reason naming the missing id","duration":0.5958000000000538,"failureMessages":[],"meta":{},"tags":[]},{"ancestorTitles":["U-WIRE31 — dispatcher round-trip: prism_ai"],"fullName":"U-WIRE31 — dispatcher round-trip: prism_ai exception_pending returns events array + count where count === events.length","status":"passed","title":"exception_pending returns events array + count where count === events.length","duration":1.112400000000207,"failureMessages":[],"meta":{},"tags":[]},{"ancestorTitles":["U-WIRE31 — dispatcher round-trip: prism_ai"],"fullName":"U-WIRE31 — dispatcher round-trip: prism_ai exception_stats returns object with all 5 numeric counters; learnedCount > 0 after prior success","status":"passed","title":"exception_stats returns object with all 5 numeric counters; learnedCount > 0 after prior success","duration":0.4773999999999887,"failureMessages":[],"meta":{},"tags":[]},{"ancestorTitles":["U-WIRE31 — dispatcher round-trip: prism_ai"],"fullName":"U-WIRE31 — dispatcher round-trip: prism_ai exception_handle FAIL: missing description → schema rejects with non-empty error","status":"passed","title":"exception_handle FAIL: missing description → schema rejects with non-empty error","duration":6.824500000000171,"failureMessages":[],"meta":{},"tags":[]},{"ancestorTitles":["U-WIRE31 — dispatcher round-trip: prism_ai"],"fullName":"U-WIRE31 — dispatcher round-trip: prism_ai exception_handle FAIL: invalid type enum → schema rejects with non-empty error","status":"passed","title":"exception_handle FAIL: invalid type enum → schema rejects with non-empty error","duration":0.6959999999999127,"failureMessages":[],"meta":{},"tags":[]},{"ancestorTitles":["U-WIRE31 — dispatcher round-trip: prism_ai"],"fullName":"U-WIRE31 — dispatcher round-trip: prism_ai exception_handle FAIL: invalid severity enum → schema rejects with non-empty error","status":"passed","title":"exception_handle FAIL: invalid severity enum → schema rejects with non-empty error","duration":0.6527000000000953,"failureMessages":[],"meta":{},"tags":[]},{"ancestorTitles":["U-WIRE31 — dispatcher round-trip: prism_ai"],"fullName":"U-WIRE31 — dispatcher round-trip: prism_ai exception_record_outcome FAIL: missing eventId → schema rejects","status":"passed","title":"exception_record_outcome FAIL: missing eventId → schema rejects","duration":0.675899999999956,"failureMessages":[],"meta":{},"tags":[]},{"ancestorTitles":["U-WIRE31 — dispatcher round-trip: prism_ai"],"fullName":"U-WIRE31 — dispatcher round-trip: prism_ai exception_record_outcome FAIL: invalid outcome enum → schema rejects","status":"passed","title":"exception_record_outcome FAIL: invalid outcome enum → schema rejects","duration":2.1900000000000546,"failureMessages":[],"meta":{},"tags":[]},{"ancestorTitles":["U-WIRE31 — singleton continuity"],"fullName":"U-WIRE31 — singleton continuity exceptionLearningEngine singleton is the same object across re-imports","status":"passed","title":"exceptionLearningEngine singleton is the same object across re-imports","duration":0.24689999999986867,"failureMessages":[],"meta":{},"tags":[]}],"startTime":1777436659601,"endTime":1777436659631.2468,"status":"passed","message":"","name":"H:/prism/mcp-server/src/__tests__/aiReasoningDispatcher.uwire31.test.ts"}]}