{"numTotalTestSuites":3,"numPassedTestSuites":3,"numFailedTestSuites":0,"numPendingTestSuites":0,"numTotalTests":7,"numPassedTests":7,"numFailedTests":0,"numPendingTests":0,"numTodoTests":0,"snapshot":{"added":0,"failure":false,"filesAdded":0,"filesRemoved":0,"filesRemovedList":[],"filesUnmatched":0,"filesUpdated":0,"matched":0,"total":0,"unchecked":0,"uncheckedKeysByFile":[],"unmatched":0,"updated":0,"didUpdate":false},"startTime":1782308833365,"success":true,"testResults":[{"assertionResults":[{"ancestorTitles":["prism_resource_extraction document_extract_contract (U-XRAY-DOCUMENT-EXTRACT-CONTRACT)"],"fullName":"prism_resource_extraction document_extract_contract (U-XRAY-DOCUMENT-EXTRACT-CONTRACT) normalizes a full office ExtractionResult -> a versioned, schema-valid contract through the dispatcher","status":"passed","title":"normalizes a full office ExtractionResult -> a versioned, schema-valid contract through the dispatcher","duration":8.254500000000007,"failureMessages":[],"meta":{},"tags":[]},{"ancestorTitles":["prism_resource_extraction document_extract_contract (U-XRAY-DOCUMENT-EXTRACT-CONTRACT)"],"fullName":"prism_resource_extraction document_extract_contract (U-XRAY-DOCUMENT-EXTRACT-CONTRACT) accepts a bare extractedData object (not only the full ExtractionResult)","status":"passed","title":"accepts a bare extractedData object (not only the full ExtractionResult)","duration":0.7680000000000291,"failureMessages":[],"meta":{},"tags":[]},{"ancestorTitles":["prism_resource_extraction document_extract_contract (U-XRAY-DOCUMENT-EXTRACT-CONTRACT)"],"fullName":"prism_resource_extraction document_extract_contract (U-XRAY-DOCUMENT-EXTRACT-CONTRACT) threads docType + confirmFloor overrides through the dispatcher","status":"passed","title":"threads docType + confirmFloor overrides through the dispatcher","duration":0.5016000000000531,"failureMessages":[],"meta":{},"tags":[]},{"ancestorTitles":["prism_resource_extraction document_extract_contract (U-XRAY-DOCUMENT-EXTRACT-CONTRACT)"],"fullName":"prism_resource_extraction document_extract_contract (U-XRAY-DOCUMENT-EXTRACT-CONTRACT) missing extraction -> descriptive error (no silent empty success)","status":"passed","title":"missing extraction -> descriptive error (no silent empty success)","duration":0.4336000000000695,"failureMessages":[],"meta":{},"tags":[]},{"ancestorTitles":["prism_resource_extraction document_extract_route (U-XRAY-DOCUMENT-EXTRACT-ROUTER)"],"fullName":"prism_resource_extraction document_extract_route (U-XRAY-DOCUMENT-EXTRACT-ROUTER) chains office extraction -> contract -> route: tool-crib + speed-feed eligible through the dispatcher","status":"passed","title":"chains office extraction -> contract -> route: tool-crib + speed-feed eligible through the dispatcher","duration":5.081999999999994,"failureMessages":[],"meta":{},"tags":[]},{"ancestorTitles":["prism_resource_extraction document_extract_route (U-XRAY-DOCUMENT-EXTRACT-ROUTER)"],"fullName":"prism_resource_extraction document_extract_route (U-XRAY-DOCUMENT-EXTRACT-ROUTER) missing contract -> descriptive error","status":"passed","title":"missing contract -> descriptive error","duration":0.42850000000009913,"failureMessages":[],"meta":{},"tags":[]},{"ancestorTitles":["prism_resource_extraction document_extract_route (U-XRAY-DOCUMENT-EXTRACT-ROUTER)"],"fullName":"prism_resource_extraction document_extract_route (U-XRAY-DOCUMENT-EXTRACT-ROUTER) invalid contract (wrong schemaVersion) -> rejected, never routed","status":"passed","title":"invalid contract (wrong schemaVersion) -> rejected, never routed","duration":0.8953000000000202,"failureMessages":[],"meta":{},"tags":[]}],"startTime":1782308833698,"endTime":1782308833713.8953,"status":"passed","message":"","name":"H:/PRISM/mcp-server/src/__tests__/resourceExtractionDispatcher.documentContract.test.ts"}]}